Size option clicked 
Size single selected
Color clicked
Pink Color selected
Brand clicked
Monte Carlo selected
Availaibility clicked
In stock avaialability selected
Sign in clicked
Entered username
Entered password
Log in clicked
Searchbox clicked
Search keys sent
Clicked hand towel
Added to wishlist
Clicked on wishlist icon
Sign in clicked
Entered username
Entered password
Log in clicked
Searchbox clicked
Search keys sent
Clicked hand towel
Added to wishlist
Clicked on wishlist icon
Sign in clicked
Entered username
Entered password
Log in clicked
Searchbox clicked
Search keys sent
Clicked hand towel
Added to wishlist
Clicked on wishlist icon
Sign in clicked
Entered username
Entered password
Log in clicked
Searchbox clicked
Search keys sent
Clicked hand towel
Added to wishlist
Clicked on wishlist icon
Sign in clicked
Entered username
Entered password
Log in clicked
Searchbox clicked
Search keys sent
Clicked hand towel
Added to wishlist
Clicked on wishlist icon
