High range value 2000 entered
Product stole clicked
Add to wishlist clicked
Wishlist option clicked
Sign in clicked
Username entered
Password entered
Log in clicked
Clicked on cart
Clicked on start shopping
Selected the date filter
Select on the Old to New filter
Select the second product
Clicked on add to cart
Clicked on Add Note
Entered the note
Clicked the save button
Clicked the close button
Sign in clicked
Username entered
Password entered
Log in clicked
Cart clicked
Start shopping clicked
Selected the date filter
Selected the high to low filter
Selected the product
Added to wishlist
Navigated to wishlist
Product displayed
Product verified and added
Clicked on add note
Sign in clicked
Username entered
Password entered
Login clicked
Mouse overed on Home Furnishing section
AC Comforter clicked
Size option clicked 
Size single selected
Color clicked
Pink Color selected
Brand clicked
Monte Carlo selected
Availaibility clicked
In stock avaialability selected
Sign in clicked
