Size selected
Brand clicked
Rock.it Brand selected
Sleeve clicked
FullSleeve selected
Sign in clicked
Username entered
Password entered
Log in clicked
Click on search box
Enter 'womens hooded jacket' in search box
Click on product : Women hooded jacket
Size clicked
Quantity increased
Added to cart
Initiate checkout button clicked
Sign in clicked
Username entered
Password entered
Log in clicked
Homes by MonteCarlo clicked
Shop Blanket clicked
Blanket selected
Clicked on view details
Got the address
Clicked on our stores
Searched pincode
Got directions
Sign in clicked
Username entered
Password entered
Log in clicked
Address option clicked
Add new address clicked
Firstname entered
Lastname entered
Address entered
Zip entered
Selected as default address
Add address option clicked
Address verified
Sign in clicked
Username entered
Password entered
Log in clicked
Address option clicked
Address deleted
Clicked on womens section
Stole option clicked
Low range value of 0 entered
