Log in clicked
Address option clicked
Add new address clicked
Firstname entered
Lastname entered
Address entered
Zip entered
Selected as default address
Add address option clicked
Address verified
Sign in clicked
Username entered
Password entered
Log in clicked
Address option clicked
Address deleted
Clicked on womens section
Stole option clicked
Low range value of 0 entered
High range value of 500 entered
Clicked on reset
Low range value 500 entered
High range value 2000 entered
Product stole clicked
Add to wishlist clicked
Wishlist option clicked
Sign in clicked
Username entered
Password entered
Log in clicked
Clicked on cart
Clicked on start shopping
Selected the date filter
Select on the Old to New filter
Select the second product
Clicked on add to cart
Clicked on Add Note
Entered the note
Clicked the save button
Clicked the close button
Sign in clicked
Username entered
Password entered
Log in clicked
Cart clicked
Start shopping clicked
Selected the date filter
