Sign in clicked
Entered username
Entered password
Log in clicked
Searchbox clicked
Search keys sent
Clicked hand towel
Added to wishlist
Clicked on wishlist icon
Mouse overed on product
Button closed 
Sign in clicked
Username entered
Password entered
Log in clicked
Mouse over on mens section
Clicked on Round Neck Sweaters
Size clicked
Size selected
Brand clicked
Rock.it selected
Sleeve clicked
FullSleeve selected
Clicked on third product
Entered pincode
Clicked on Pincode checkbox
Sign in clicked
Username entered
Password entered
Login clicked
Mouse overed on Home Furnishing section
AC Comforter clicked
Size option clicked 
Size single selected
Brand clicked
Monte Carlo selected
Availaibility clicked
In stock avaialability selected
Product selected
Added to wishlist
Navigate to wishlist page
Add to cart
Sign in clicked
Username entered
Password entered
Login clicked
Mouse overed on Home Furnishing section
AC Comforter clicked
Size option clicked 
Size single selected
