Pink Color selected
Brand clicked
Sign in clicked
Entered username
Entered password
Log in clicked
Searchbox clicked
Search keys sent
Clicked hand towel
Added to wishlist
Clicked on wishlist icon
Sign in clicked
Username entered
Password entered
Log in clicked
Mouse over on mens section
Clicked on Round Neck Sweaters
Size clicked
Size selected
Brand clicked
Rock.it Brand selected
Sleeve clicked
FullSleeve selected
Clicked on third product
Entered pincode
Clicked on Pincode checkbox
Sign in clicked
Username entered
Password entered
Log in clicked
Click on search box
Enter 'womens hooded jacket' in search box
Click on product : Women hooded jacket
Size clicked
Quantity increased
Added to cart
Initiate checkout button clicked
Sign in clicked
Username entered
Password entered
Log in clicked
Homes by MonteCarlo clicked
Shop Blanket clicked
Blanket selected
Clicked on view details
Got the address
Clicked on our stores
Searched pincode
Got directions
Sign in clicked
Username entered
