Selected the product
Added to wishlist
Navigated to wishlist
Product displayed
Product verified and added
Clicked on add note
Entered the cart note
Clicked initiate checkout
Address entered : Bangalore
Selected second auto suggestion
Sign in clicked
Username entered
Password entered
Login clicked
Mouse overed on Home Furnishing section
AC Comforter clicked
Size option clicked 
Size single selected
Color clicked
Pink Color selected
Brand clicked
Monte Carlo selected
Availaibility clicked
In stock avaialability selected
Sign in clicked
Entered username
Entered password
Log in clicked
Searchbox clicked
Search keys sent
Clicked hand towel
Added to wishlist
Clicked on wishlist icon
Mouse overed on product
Button closed 
Sign in clicked
Username entered
Password entered
Login clicked
Mouse overed on Home Furnishing section
AC Comforter clicked
Size option clicked 
Size single selected
Color clicked
Pink Color selected
Brand clicked
Monte Carlo selected
Availaibility clicked
