Size option clicked 
Size single selected
Color clicked
Pink Color selected
Brand clicked
Sign in clicked
Username entered
Password entered
Login clicked
Mouse overed on Home Furnishing section
AC Comforter clicked
Size option clicked 
Size single selected
Sign in clicked
Username entered
Password entered
Login clicked
Mouse overed on Home Furnishing section
AC Comforter clicked
Size option clicked 
Size single selected
Sign in clicked
Username entered
Password entered
Login clicked
Mouse overed on Home Furnishing section
AC Comforter clicked
Size option clicked 
Size single selected
Color clicked
Pink Color selected
Brand clicked
Monte Carlo selected
Availaibility clicked
In stock avaialability selected
Sign in clicked
Username entered
Password entered
Login clicked
Mouse overed on Home Furnishing section
AC Comforter clicked
Size option clicked 
Size single selected
Color clicked
Pink Color selected
Brand clicked
Monte Carlo selected
Availaibility clicked
Sign in clicked
